2025-03-28 20:53:12 [error]: 🚨 Unhandled Rejection: TypeError: Cannot read properties of undefined (reading 'error')
2025-03-28 20:53:17 [error]: 🚨 Unhandled Rejection: TypeError: Cannot read properties of undefined (reading 'error')
2025-03-28 20:53:23 [error]: 🚨 Unhandled Rejection: TypeError: Cannot read properties of undefined (reading 'error')
2025-03-28 20:54:21 [error]: 🚨 Unhandled Rejection: TypeError: Cannot read properties of undefined (reading 'error')
2025-03-28 20:54:23 [error]: 🚨 Unhandled Rejection: TypeError: Cannot read properties of undefined (reading 'error')
2025-03-28 20:54:24 [error]: 🚨 Unhandled Rejection: TypeError: Cannot read properties of undefined (reading 'error')
2025-03-28 20:54:26 [error]: 🚨 Unhandled Rejection: TypeError: Cannot read properties of undefined (reading 'error')
2025-03-28 20:56:33 [error]: 🚨 Unhandled Rejection: TypeError: Cannot read properties of undefined (reading 'error')
2025-03-28 20:57:10 [error]: 🚨 Unhandled Rejection: TypeError: Cannot read properties of undefined (reading 'error')
2025-03-28 20:57:45 [error]: 🚨 Unhandled Rejection: TypeError: Cannot read properties of undefined (reading 'error')
2025-03-28 21:01:54 [error]: 🚨 Unhandled Rejection: TypeError: Cannot read properties of undefined (reading 'error')
2025-03-28 21:01:58 [error]: 🚨 Unhandled Rejection: TypeError: Cannot read properties of undefined (reading 'error')
2025-03-28 21:03:43 [error]: 🚨 Unhandled Rejection: TypeError: Cannot read properties of undefined (reading 'error')
2025-03-28 21:18:34 [error]: 🚨 Uncaught Exception: TypeError: logError is not a function
    at process.<anonymous> (F:\computer files\discordbot\EricaBot\src\bot.js:130:3)
    at process.emit (node:events:518:28)
    at emitUnhandledRejection (node:internal/process/promises:252:13)
    at throwUnhandledRejectionsMode (node:internal/process/promises:388:19)
    at processPromiseRejections (node:internal/process/promises:475:17)
    at process.processTicksAndRejections (node:internal/process/task_queues:106:32)
2025-03-28 21:18:34 [error]: 🚨 Uncaught Exception: TypeError: logError is not a function
    at process.<anonymous> (F:\computer files\discordbot\EricaBot\src\bot.js:130:3)
    at process.emit (node:events:518:28)
    at emitUnhandledRejection (node:internal/process/promises:252:13)
    at throwUnhandledRejectionsMode (node:internal/process/promises:388:19)
    at processPromiseRejections (node:internal/process/promises:475:17)
    at process.processTicksAndRejections (node:internal/process/task_queues:106:32)
