2025-03-28 20:53:12 [error]: 🚨 Unhandled Rejection: TypeError: Cannot read properties of undefined (reading 'error')
2025-03-28 20:53:17 [error]: 🚨 Unhandled Rejection: TypeError: Cannot read properties of undefined (reading 'error')
2025-03-28 20:53:23 [error]: 🚨 Unhandled Rejection: TypeError: Cannot read properties of undefined (reading 'error')
2025-03-28 20:54:21 [error]: 🚨 Unhandled Rejection: TypeError: Cannot read properties of undefined (reading 'error')
2025-03-28 20:54:23 [error]: 🚨 Unhandled Rejection: TypeError: Cannot read properties of undefined (reading 'error')
2025-03-28 20:54:24 [error]: 🚨 Unhandled Rejection: TypeError: Cannot read properties of undefined (reading 'error')
2025-03-28 20:54:26 [error]: 🚨 Unhandled Rejection: TypeError: Cannot read properties of undefined (reading 'error')
2025-03-28 20:56:33 [error]: 🚨 Unhandled Rejection: TypeError: Cannot read properties of undefined (reading 'error')
2025-03-28 20:57:10 [error]: 🚨 Unhandled Rejection: TypeError: Cannot read properties of undefined (reading 'error')
2025-03-28 20:57:45 [error]: 🚨 Unhandled Rejection: TypeError: Cannot read properties of undefined (reading 'error')
2025-03-28 21:01:54 [error]: 🚨 Unhandled Rejection: TypeError: Cannot read properties of undefined (reading 'error')
2025-03-28 21:01:58 [error]: 🚨 Unhandled Rejection: TypeError: Cannot read properties of undefined (reading 'error')
2025-03-28 21:03:43 [error]: 🚨 Unhandled Rejection: TypeError: Cannot read properties of undefined (reading 'error')
2025-03-28 21:18:34 [error]: 🚨 Uncaught Exception: TypeError: logError is not a function
    at process.<anonymous> (F:\computer files\discordbot\EricaBot\src\bot.js:130:3)
    at process.emit (node:events:518:28)
    at emitUnhandledRejection (node:internal/process/promises:252:13)
    at throwUnhandledRejectionsMode (node:internal/process/promises:388:19)
    at processPromiseRejections (node:internal/process/promises:475:17)
    at process.processTicksAndRejections (node:internal/process/task_queues:106:32)
2025-03-28 21:18:34 [error]: 🚨 Uncaught Exception: TypeError: logError is not a function
    at process.<anonymous> (F:\computer files\discordbot\EricaBot\src\bot.js:130:3)
    at process.emit (node:events:518:28)
    at emitUnhandledRejection (node:internal/process/promises:252:13)
    at throwUnhandledRejectionsMode (node:internal/process/promises:388:19)
    at processPromiseRejections (node:internal/process/promises:475:17)
    at process.processTicksAndRejections (node:internal/process/task_queues:106:32)
2025-03-28 22:06:17 [error]: ❗ Error tracking message for User ID 1287145486897385504: TypeError: Cannot read properties of undefined (reading 'findOneAndUpdate')
2025-03-28 22:06:30 [error]: ❗ Error tracking message for User ID 1287145486897385504: TypeError: Cannot read properties of undefined (reading 'findOneAndUpdate')
2025-03-28 22:06:52 [error]: ❗ Error tracking message for User ID 1287145486897385504: TypeError: Cannot read properties of undefined (reading 'findOneAndUpdate')
2025-03-28 22:07:01 [error]: ❗ Error tracking message for User ID 1287145486897385504: TypeError: Cannot read properties of undefined (reading 'findOneAndUpdate')
2025-03-28 22:07:16 [error]: ❗ Error tracking message for User ID 1287145486897385504: TypeError: Cannot read properties of undefined (reading 'findOneAndUpdate')
2025-03-28 22:07:22 [error]: ❗ Error tracking message for User ID 1287145486897385504: TypeError: Cannot read properties of undefined (reading 'findOneAndUpdate')
2025-03-28 22:07:37 [error]: ❗ Error tracking message for User ID 1287145486897385504: TypeError: Cannot read properties of undefined (reading 'findOneAndUpdate')
2025-03-28 22:07:47 [error]: ❗ Error tracking message for User ID 1287145486897385504: TypeError: Cannot read properties of undefined (reading 'findOneAndUpdate')
2025-03-28 22:08:08 [error]: ❗ Error tracking message for User ID 1287145486897385504: TypeError: Cannot read properties of undefined (reading 'findOneAndUpdate')
2025-03-28 22:08:14 [error]: ❗ Error tracking message for User ID 1287145486897385504: TypeError: Cannot read properties of undefined (reading 'findOneAndUpdate')
2025-03-28 22:08:22 [error]: ❗ Error tracking message for User ID 1287145486897385504: TypeError: Cannot read properties of undefined (reading 'findOneAndUpdate')
2025-03-28 22:08:33 [error]: ❗ Error tracking message for User ID 1287145486897385504: TypeError: Cannot read properties of undefined (reading 'findOneAndUpdate')
2025-03-28 22:08:35 [error]: Error executing serverinfo command:
2025-03-28 22:08:43 [error]: ❗ Error tracking message for User ID 1287145486897385504: TypeError: Cannot read properties of undefined (reading 'findOneAndUpdate')
2025-03-28 22:08:47 [error]: ❗ Error tracking message for User ID 1287145486897385504: TypeError: Cannot read properties of undefined (reading 'findOneAndUpdate')
2025-03-28 22:09:04 [error]: ❗ Error tracking message for User ID 1287145486897385504: TypeError: Cannot read properties of undefined (reading 'findOneAndUpdate')
2025-03-28 22:09:10 [error]: ❗ Error tracking message for User ID 1287145486897385504: TypeError: Cannot read properties of undefined (reading 'findOneAndUpdate')
2025-03-28 22:09:32 [error]: ❗ Error tracking message for User ID 1287145486897385504: TypeError: Cannot read properties of undefined (reading 'findOneAndUpdate')
2025-03-28 22:09:35 [error]: ❗ Error tracking message for User ID 1287145486897385504: TypeError: Cannot read properties of undefined (reading 'findOneAndUpdate')
2025-03-28 22:09:40 [error]: ❗ Error tracking message for User ID 1287145486897385504: TypeError: Cannot read properties of undefined (reading 'findOneAndUpdate')
2025-03-28 22:09:45 [error]: ❗ Error tracking message for User ID 1287145486897385504: TypeError: Cannot read properties of undefined (reading 'findOneAndUpdate')
2025-03-28 22:09:56 [error]: ❗ Error tracking message for User ID 1287145486897385504: TypeError: Cannot read properties of undefined (reading 'findOneAndUpdate')
2025-03-28 22:10:01 [error]: ❗ Error tracking message for User ID 1287145486897385504: TypeError: Cannot read properties of undefined (reading 'findOneAndUpdate')
2025-03-28 22:10:14 [error]: ❗ Error tracking message for User ID 1287145486897385504: TypeError: Cannot read properties of undefined (reading 'findOneAndUpdate')
2025-03-28 22:10:26 [error]: ❗ Error tracking message for User ID 1287145486897385504: TypeError: Cannot read properties of undefined (reading 'findOneAndUpdate')
2025-03-28 22:10:35 [error]: ❗ Error tracking message for User ID 1287145486897385504: TypeError: Cannot read properties of undefined (reading 'findOneAndUpdate')
2025-03-28 22:10:51 [error]: ❗ Error tracking message for User ID 1287145486897385504: TypeError: Cannot read properties of undefined (reading 'findOneAndUpdate')
2025-03-28 22:11:03 [error]: ❗ Error tracking message for User ID 1287145486897385504: TypeError: Cannot read properties of undefined (reading 'findOneAndUpdate')
2025-03-28 22:11:09 [error]: ❗ Error tracking message for User ID 1287145486897385504: TypeError: Cannot read properties of undefined (reading 'findOneAndUpdate')
2025-03-28 22:11:18 [error]: ❗ Error tracking message for User ID 1287145486897385504: TypeError: Cannot read properties of undefined (reading 'findOneAndUpdate')
2025-03-28 22:23:08 [error]: 🚨 Unhandled Rejection at: [object Promise], reason: Error: Cannot find module '../../config.json'
Require stack:
- F:\computer files\discordbot\EricaBot\src\events\message\messageCreate.js
- F:\computer files\discordbot\EricaBot\src\bot.js
2025-03-28 22:24:38 [error]: 🚨 Unhandled Rejection at: [object Promise], reason: Error: Cannot find module '../config.json'
Require stack:
- F:\computer files\discordbot\EricaBot\src\events\message\messageCreate.js
- F:\computer files\discordbot\EricaBot\src\bot.js
2025-03-28 22:25:28 [error]: 🚨 Unhandled Rejection at: [object Promise], reason: Error: Cannot find module 'F:computer filesdiscordbotEricaBot.vscodeconfig.json'
Require stack:
- F:\computer files\discordbot\EricaBot\src\events\message\messageCreate.js
- F:\computer files\discordbot\EricaBot\src\bot.js
2025-03-28 22:26:55 [error]: 🚨 Unhandled Rejection at: [object Promise], reason: Error: Cannot find module '../../../config.json'
Require stack:
- F:\computer files\discordbot\EricaBot\src\events\message\messageCreate.js
- F:\computer files\discordbot\EricaBot\src\bot.js
2025-03-28 22:29:03 [error]: 🚨 Unhandled Rejection at: [object Promise], reason: Error: Cannot find module '../../config.json'
Require stack:
- F:\computer files\discordbot\EricaBot\src\events\message\messageCreate.js
- F:\computer files\discordbot\EricaBot\src\bot.js
2025-03-28 22:29:38 [error]: 🚨 Unhandled Rejection at: [object Promise], reason: Error: Cannot find module '../../.vscode/config.json'
Require stack:
- F:\computer files\discordbot\EricaBot\src\events\message\messageCreate.js
- F:\computer files\discordbot\EricaBot\src\bot.js
2025-03-28 22:29:54 [error]: 🚨 Unhandled Rejection at: [object Promise], reason: Error: Cannot find module '../../../config.json'
Require stack:
- F:\computer files\discordbot\EricaBot\src\events\message\messageCreate.js
- F:\computer files\discordbot\EricaBot\src\bot.js
2025-03-28 22:32:16 [error]: ❗ Error tracking message for User ID 1287145486897385504: TypeError: Cannot read properties of undefined (reading 'findOneAndUpdate')
2025-03-28 22:32:16 [error]: 🚨 Uncaught Exception: TypeError: Cannot read properties of undefined (reading 'bot')
    at Object.execute (F:\computer files\discordbot\EricaBot\src\events\message\messageCreate.js:8:24)
    at Client.<anonymous> (F:\computer files\discordbot\EricaBot\src\bot.js:76:50)
    at Client.emit (node:events:530:35)
    at MessageCreateAction.handle (F:\computer files\discordbot\EricaBot\node_modules\discord.js\src\client\actions\MessageCreate.js:32:14)
    at module.exports [as MESSAGE_CREATE] (F:\computer files\discordbot\EricaBot\node_modules\discord.js\src\client\websocket\handlers\MESSAGE_CREATE.js:4:32)
    at WebSocketManager.handlePacket (F:\computer files\discordbot\EricaBot\node_modules\discord.js\src\client\websocket\WebSocketManager.js:348:31)
    at WebSocketManager.<anonymous> (F:\computer files\discordbot\EricaBot\node_modules\discord.js\src\client\websocket\WebSocketManager.js:232:12)
    at WebSocketManager.emit (F:\computer files\discordbot\EricaBot\node_modules\@vladfrangu\async_event_emitter\dist\index.cjs:287:31)
    at WebSocketShard.<anonymous> (F:\computer files\discordbot\EricaBot\node_modules\@discordjs\ws\dist\index.js:1190:51)
    at WebSocketShard.emit (F:\computer files\discordbot\EricaBot\node_modules\@vladfrangu\async_event_emitter\dist\index.cjs:287:31)
2025-03-28 22:35:56 [error]: ❗ Error tracking message for User ID 1287145486897385504: TypeError: Cannot read properties of undefined (reading 'findOneAndUpdate')
2025-03-28 22:36:07 [error]: ❗ Error tracking message for User ID 1287145486897385504: TypeError: Cannot read properties of undefined (reading 'findOneAndUpdate')
2025-03-28 22:36:14 [error]: ❗ Error tracking message for User ID 1287145486897385504: TypeError: Cannot read properties of undefined (reading 'findOneAndUpdate')
2025-04-01 20:57:20 [error]: ❌ Login Failed: ConnectTimeoutError: Connect Timeout Error (attempted address: discord.com:443, timeout: 10000ms)
2025-04-01 20:58:23 [error]: ❌ Login Failed: ConnectTimeoutError: Connect Timeout Error (attempted addresses: 64:ff9b::a29f:87e8:443, timeout: 10000ms)
2025-04-01 20:59:06 [error]: ❌ Login Failed: ConnectTimeoutError: Connect Timeout Error (attempted addresses: 64:ff9b::a29f:87e8:443, timeout: 10000ms)
